{
  "RSpec": {
    "coverage": {
      "/Users/thomaswilliampage/Documents/projects/tutorialreport/tutorial_report/config/environment.rb": [
        null,
        1,
        null,
        null,
        1
      ],
      "/Users/thomaswilliampage/Documents/projects/tutorialreport/tutorial_report/config/application.rb": [
        1,
        null,
        1,
        null,
        1,
        1,
        1,
        1,
        1,
        1,
        1,
        1,
        null,
        null,
        null,
        null,
        1,
        null,
        1,
        1,
        null,
        null,
        null,
        null,
        null
      ],
      "/Users/thomaswilliampage/Documents/projects/tutorialreport/tutorial_report/config/boot.rb": [
        1,
        null,
        1
      ],
      "/Users/thomaswilliampage/Documents/projects/tutorialreport/tutorial_report/config/environments/test.rb": [
        1,
        null,
        null,
        null,
        null,
        null,
        null,
        1,
        null,
        null,
        null,
        null,
        1,
        null,
        null,
        1,
        1,
        null,
        null,
        null,
        null,
        1,
        1,
        null,
        null,
        1,
        null,
        null,
        1,
        1,
        null,
        null,
        null,
        null,
        1,
        null,
        null,
        1,
        null,
        null,
        null,
        null
      ],
      "/Users/thomaswilliampage/Documents/projects/tutorialreport/tutorial_report/config/initializers/application_controller_renderer.rb": [
        null,
        null,
        null,
        null,
        null,
        null,
        null,
        null
      ],
      "/Users/thomaswilliampage/Documents/projects/tutorialreport/tutorial_report/config/initializers/assets.rb": [
        null,
        null,
        null,
        1,
        null,
        null,
        null,
        null,
        null,
        null,
        null
      ],
      "/Users/thomaswilliampage/Documents/projects/tutorialreport/tutorial_report/config/initializers/backtrace_silencers.rb": [
        null,
        null,
        null,
        null,
        null,
        null,
        null
      ],
      "/Users/thomaswilliampage/Documents/projects/tutorialreport/tutorial_report/config/initializers/cookies_serializer.rb": [
        null,
        null,
        null,
        null,
        1
      ],
      "/Users/thomaswilliampage/Documents/projects/tutorialreport/tutorial_report/config/initializers/filter_parameter_logging.rb": [
        null,
        null,
        null,
        1
      ],
      "/Users/thomaswilliampage/Documents/projects/tutorialreport/tutorial_report/config/initializers/inflections.rb": [
        null,
        null,
        null,
        null,
        null,
        null,
        null,
        null,
        null,
        null,
        null,
        null,
        null,
        null,
        null,
        null
      ],
      "/Users/thomaswilliampage/Documents/projects/tutorialreport/tutorial_report/config/initializers/mime_types.rb": [
        null,
        null,
        null,
        null
      ],
      "/Users/thomaswilliampage/Documents/projects/tutorialreport/tutorial_report/config/initializers/new_framework_defaults.rb": [
        null,
        null,
        null,
        null,
        null,
        null,
        1,
        null,
        null,
        1,
        null,
        null,
        1,
        null,
        null,
        null,
        1,
        null,
        null,
        1,
        null,
        null,
        1,
        null,
        null,
        1
      ],
      "/Users/thomaswilliampage/Documents/projects/tutorialreport/tutorial_report/config/initializers/session_store.rb": [
        null,
        null,
        1
      ],
      "/Users/thomaswilliampage/Documents/projects/tutorialreport/tutorial_report/config/initializers/wrap_parameters.rb": [
        null,
        null,
        null,
        null,
        null,
        null,
        1,
        2,
        null,
        null,
        null,
        null,
        null,
        null
      ],
      "/Users/thomaswilliampage/Documents/projects/tutorialreport/tutorial_report/spec/factories/reviews.rb": [
        1,
        1,
        1,
        1,
        null
      ],
      "/Users/thomaswilliampage/Documents/projects/tutorialreport/tutorial_report/app/services/collate_ratings_per_tutorial_service.rb": [
        1,
        1,
        1,
        null,
        null,
        1,
        1,
        null,
        null,
        1,
        null,
        1,
        1,
        null,
        null,
        1,
        1,
        null,
        null,
        1,
        0,
        null,
        null
      ],
      "/Users/thomaswilliampage/Documents/projects/tutorialreport/tutorial_report/app/models/review.rb": [
        1,
        null
      ],
      "/Users/thomaswilliampage/Documents/projects/tutorialreport/tutorial_report/app/models/application_record.rb": [
        1,
        1,
        null
      ]
    },
    "timestamp": 1525293455
  }
}
