{
  "RSpec": {
    "coverage": {
      "/Users/thomaswilliampage/Documents/projects/tutorialreport/tutorial_report/config/environment.rb": [
        null,
        1,
        null,
        null,
        1
      ],
      "/Users/thomaswilliampage/Documents/projects/tutorialreport/tutorial_report/config/application.rb": [
        1,
        null,
        1,
        null,
        1,
        1,
        1,
        1,
        1,
        1,
        1,
        1,
        null,
        null,
        null,
        null,
        1,
        null,
        1,
        1,
        null,
        null,
        null,
        null,
        null
      ],
      "/Users/thomaswilliampage/Documents/projects/tutorialreport/tutorial_report/config/boot.rb": [
        1,
        null,
        1
      ],
      "/Users/thomaswilliampage/Documents/projects/tutorialreport/tutorial_report/config/environments/test.rb": [
        1,
        null,
        null,
        null,
        null,
        null,
        null,
        1,
        null,
        null,
        null,
        null,
        1,
        null,
        null,
        1,
        1,
        null,
        null,
        null,
        null,
        1,
        1,
        null,
        null,
        1,
        null,
        null,
        1,
        1,
        null,
        null,
        null,
        null,
        1,
        null,
        null,
        1,
        null,
        null,
        null,
        null
      ],
      "/Users/thomaswilliampage/Documents/projects/tutorialreport/tutorial_report/config/initializers/application_controller_renderer.rb": [
        null,
        null,
        null,
        null,
        null,
        null,
        null,
        null
      ],
      "/Users/thomaswilliampage/Documents/projects/tutorialreport/tutorial_report/config/initializers/assets.rb": [
        null,
        null,
        null,
        1,
        null,
        null,
        null,
        null,
        null,
        null,
        null
      ],
      "/Users/thomaswilliampage/Documents/projects/tutorialreport/tutorial_report/config/initializers/backtrace_silencers.rb": [
        null,
        null,
        null,
        null,
        null,
        null,
        null
      ],
      "/Users/thomaswilliampage/Documents/projects/tutorialreport/tutorial_report/config/initializers/cookies_serializer.rb": [
        null,
        null,
        null,
        null,
        1
      ],
      "/Users/thomaswilliampage/Documents/projects/tutorialreport/tutorial_report/config/initializers/devise.rb": [
        null,
        null,
        1,
        1,
        null,
        null,
        null,
        null,
        null,
        null,
        null,
        null,
        null,
        null,
        null,
        null,
        null,
        1,
        null,
        null,
        null,
        null,
        null,
        null,
        null,
        null,
        null,
        null,
        null,
        1,
        null,
        null,
        null,
        null,
        null,
        null,
        null,
        null,
        null,
        null,
        null,
        null,
        null,
        null,
        null,
        null,
        null,
        null,
        null,
        null,
        null,
        1,
        null,
        null,
        null,
        null,
        1,
        null,
        null,
        null,
        null,
        null,
        null,
        null,
        null,
        null,
        null,
        null,
        null,
        null,
        null,
        null,
        null,
        null,
        null,
        null,
        null,
        null,
        null,
        null,
        null,
        null,
        null,
        null,
        null,
        null,
        null,
        1,
        null,
        null,
        null,
        null,
        null,
        null,
        null,
        null,
        null,
        null,
        null,
        null,
        null,
        null,
        null,
        null,
        null,
        null,
        null,
        null,
        null,
        null,
        1,
        null,
        null,
        null,
        null,
        null,
        null,
        null,
        null,
        null,
        null,
        null,
        null,
        null,
        null,
        null,
        null,
        null,
        null,
        null,
        null,
        null,
        null,
        null,
        null,
        null,
        null,
        null,
        1,
        null,
        null,
        null,
        null,
        null,
        null,
        null,
        null,
        null,
        1,
        null,
        null,
        null,
        null,
        null,
        null,
        null,
        null,
        null,
        null,
        1,
        null,
        null,
        null,
        null,
        1,
        null,
        null,
        null,
        null,
        null,
        null,
        null,
        null,
        null,
        null,
        null,
        null,
        null,
        null,
        null,
        null,
        null,
        null,
        null,
        null,
        null,
        null,
        null,
        null,
        null,
        null,
        null,
        null,
        null,
        null,
        null,
        null,
        null,
        null,
        null,
        null,
        null,
        null,
        null,
        null,
        1,
        null,
        null,
        null,
        null,
        null,
        null,
        null,
        null,
        null,
        null,
        null,
        null,
        null,
        null,
        null,
        null,
        null,
        null,
        null,
        1,
        null,
        null,
        null,
        null,
        null,
        null,
        null,
        null,
        null,
        null,
        null,
        null,
        null,
        null,
        null,
        null,
        null,
        null,
        null,
        null,
        null,
        1,
        null,
        null,
        null,
        null,
        null,
        null,
        null,
        null,
        null,
        null,
        null,
        null,
        null,
        null,
        null,
        null,
        null,
        null,
        null,
        null,
        null,
        null,
        null,
        null,
        null,
        null,
        null,
        null,
        null
      ],
      "/Users/thomaswilliampage/Documents/projects/tutorialreport/tutorial_report/config/initializers/filter_parameter_logging.rb": [
        null,
        null,
        null,
        1
      ],
      "/Users/thomaswilliampage/Documents/projects/tutorialreport/tutorial_report/config/initializers/inflections.rb": [
        null,
        null,
        null,
        null,
        null,
        null,
        null,
        null,
        null,
        null,
        null,
        null,
        null,
        null,
        null,
        null
      ],
      "/Users/thomaswilliampage/Documents/projects/tutorialreport/tutorial_report/config/initializers/mime_types.rb": [
        null,
        null,
        null,
        null
      ],
      "/Users/thomaswilliampage/Documents/projects/tutorialreport/tutorial_report/config/initializers/new_framework_defaults.rb": [
        null,
        null,
        null,
        null,
        null,
        null,
        1,
        null,
        null,
        1,
        null,
        null,
        1,
        null,
        null,
        null,
        1,
        null,
        null,
        1,
        null,
        null,
        1,
        null,
        null,
        1
      ],
      "/Users/thomaswilliampage/Documents/projects/tutorialreport/tutorial_report/config/initializers/omniauth.rb": [
        1,
        1,
        null
      ],
      "/Users/thomaswilliampage/Documents/projects/tutorialreport/tutorial_report/config/initializers/session_store.rb": [
        null,
        null,
        1
      ],
      "/Users/thomaswilliampage/Documents/projects/tutorialreport/tutorial_report/config/initializers/wrap_parameters.rb": [
        null,
        null,
        null,
        null,
        null,
        null,
        1,
        2,
        null,
        null,
        null,
        null,
        null,
        null
      ],
      "/Users/thomaswilliampage/Documents/projects/tutorialreport/tutorial_report/spec/factories/tutorials.rb": [
        1,
        null,
        1,
        1,
        1,
        1,
        1,
        1,
        null,
        null
      ],
      "/Users/thomaswilliampage/Documents/projects/tutorialreport/tutorial_report/spec/factories/users.rb": [
        1,
        1,
        1,
        1,
        null,
        null
      ],
      "/Users/thomaswilliampage/Documents/projects/tutorialreport/tutorial_report/config/routes.rb": [
        1,
        null,
        null,
        1,
        null,
        1,
        null
      ],
      "/Users/thomaswilliampage/Documents/projects/tutorialreport/tutorial_report/app/helpers/application_helper.rb": [
        1,
        null
      ],
      "/Users/thomaswilliampage/Documents/projects/tutorialreport/tutorial_report/app/helpers/landing_page_helper.rb": [
        1,
        null
      ],
      "/Users/thomaswilliampage/Documents/projects/tutorialreport/tutorial_report/app/helpers/tutorials_helper.rb": [
        1,
        null
      ],
      "/Users/thomaswilliampage/Documents/projects/tutorialreport/tutorial_report/spec/support/factory_bot.rb": [
        1,
        1,
        null
      ],
      "/Users/thomaswilliampage/Documents/projects/tutorialreport/tutorial_report/app/models/tutorial.rb": [
        1,
        1,
        1,
        null
      ],
      "/Users/thomaswilliampage/Documents/projects/tutorialreport/tutorial_report/app/models/application_record.rb": [
        1,
        1,
        null
      ],
      "/Users/thomaswilliampage/Documents/projects/tutorialreport/tutorial_report/app/controllers/landing_page_controller.rb": [
        1,
        1,
        2,
        null,
        null
      ],
      "/Users/thomaswilliampage/Documents/projects/tutorialreport/tutorial_report/app/controllers/application_controller.rb": [
        1,
        1,
        1,
        null,
        1,
        0,
        null,
        null,
        1,
        0,
        null,
        null,
        1,
        null,
        null,
        null
      ],
      "/Users/thomaswilliampage/Documents/projects/tutorialreport/tutorial_report/app/controllers/tutorials_controller.rb": [
        1,
        1,
        null,
        1,
        0,
        0,
        null,
        null,
        1,
        0,
        0,
        null,
        null,
        1,
        0,
        0,
        null,
        null,
        1,
        0,
        0,
        null,
        null,
        1,
        0,
        0,
        0,
        null,
        null,
        1,
        1,
        1,
        null,
        null,
        1,
        0,
        0,
        null,
        null,
        1,
        null,
        1,
        0,
        null,
        null,
        null,
        null,
        null,
        null,
        null,
        null
      ],
      "/Users/thomaswilliampage/Documents/projects/tutorialreport/tutorial_report/app/services/collate_tutorials_by_language_service.rb": [
        1,
        1,
        1,
        null,
        null,
        1,
        1,
        null,
        null,
        1,
        null,
        1,
        4,
        null,
        null,
        1,
        1,
        null,
        null,
        null,
        null,
        null,
        1,
        5,
        null,
        null
      ]
    },
    "timestamp": 1524742641
  }
}
